<?xml version="1.0" encoding="UTF-8"?>
<!-- Generated by org.testng.reporters.JUnitReportReporter -->
<testsuite hostname="GGN000190162001" name="runners.RunnerUsingTestng" tests="1" failures="0" timestamp="19 Jan 2020 08:13:20 GMT" time="0.103" errors="0">
  <testcase name="runScenario" time="0.103" classname="runners.RunnerUsingTestng"/>
</testsuite> <!-- runners.RunnerUsingTestng -->
